<?xml version="1.0" encoding="UTF-8"?>
<!-- Generated by org.testng.reporters.JUnitXMLReporter -->
<testsuite ignored="2" hostname="DESKTOP-NH3HAU6" failures="0" tests="1" name="Default test" time="37.608" errors="0" timestamp="2022-09-15T19:24:54 GMT+05:30">
  <testcase classname="testCases.TC123" name="mouseover_method" time="1.278"/>
  <testcase classname="testCases.TC123" name="verifytext_method" time="0.0">
    <ignored/>
  </testcase> <!-- verifytext_method -->
  <testcase classname="testCases.TC123" name="progressbar_method" time="0.0">
    <ignored/>
  </testcase> <!-- progressbar_method -->
</testsuite> <!-- Default test -->
