<?xml version="1.0" encoding="UTF-8"?>
<testng-results ignored="2" total="3" passed="1" failed="0" skipped="0">
  <reporter-output>
  </reporter-output>
  <suite started-at="2022-09-15T19:24:16 GMT+05:30" name="Default suite" finished-at="2022-09-15T19:24:54 GMT+05:30" duration-ms="37608">
    <groups>
    </groups>
    <test started-at="2022-09-15T19:24:16 GMT+05:30" name="Default test" finished-at="2022-09-15T19:24:54 GMT+05:30" duration-ms="37608">
      <class name="testCases.TC123">
        <test-method is-config="true" signature="startTest()[pri:0, instance:testCases.TC123@229c6181]" started-at="2022-09-15T19:24:16 GMT+05:30" name="startTest" finished-at="2022-09-15T19:24:16 GMT+05:30" duration-ms="346" status="PASS">
          <reporter-output>
          </reporter-output>
        </test-method> <!-- startTest -->
        <test-method is-config="true" signature="driver_method_start()[pri:0, instance:testCases.TC123@229c6181]" started-at="2022-09-15T19:24:16 GMT+05:30" name="driver_method_start" finished-at="2022-09-15T19:24:42 GMT+05:30" duration-ms="26033" status="PASS">
          <reporter-output>
          </reporter-output>
        </test-method> <!-- driver_method_start -->
        <test-method signature="mouseover_method()[pri:0, instance:testCases.TC123@229c6181]" started-at="2022-09-15T19:24:42 GMT+05:30" name="mouseover_method" finished-at="2022-09-15T19:24:44 GMT+05:30" duration-ms="1278" status="PASS">
          <reporter-output>
          </reporter-output>
        </test-method> <!-- mouseover_method -->
        <test-method is-config="true" signature="driver_method_close()[pri:0, instance:testCases.TC123@229c6181]" started-at="2022-09-15T19:24:44 GMT+05:30" name="driver_method_close" finished-at="2022-09-15T19:24:54 GMT+05:30" duration-ms="10245" status="PASS">
          <reporter-output>
          </reporter-output>
        </test-method> <!-- driver_method_close -->
        <test-method is-config="true" signature="tearDown()[pri:0, instance:testCases.TC123@229c6181]" started-at="2022-09-15T19:24:54 GMT+05:30" name="tearDown" finished-at="2022-09-15T19:24:55 GMT+05:30" duration-ms="1276" status="PASS">
          <reporter-output>
          </reporter-output>
        </test-method> <!-- tearDown -->
      </class> <!-- testCases.TC123 -->
    </test> <!-- Default test -->
  </suite> <!-- Default suite -->
</testng-results>
